This file contains any messages produced by compilers while
running configure, to aid debugging if configure makes a mistake.

It was created by ethtool configure 4.2, which was
generated by GNU Autoconf 2.69.  Invocation command line was

  $ ./configure 

## --------- ##
## Platform. ##
## --------- ##

hostname = zengwei-Lenovo
uname -m = x86_64
uname -r = 3.13.0-79-generic
uname -s = Linux
uname -v = #123~precise1-Ubuntu SMP Fri Feb 19 14:48:42 UTC 2016

/usr/bin/uname -p = unknown
/bin/uname -X     = unknown

/bin/arch              = unknown
/usr/bin/arch -k       = unknown
/usr/convex/getsysinfo = unknown
/usr/bin/hostinfo      = unknown
/bin/machine           = unknown
/usr/bin/oslevel       = unknown
/bin/universe          = unknown

PATH: /usr/java/jdk1.6.0_45/bin
PATH: /usr/java/jdk1.6.0_45/jre/bin
PATH: /home/zengwei/adt-bundle-linux-x86_64-20140321/sdk/platform-tools
PATH: /home/zengwei/adt-bundle-linux-x86_64-20140321/sdk/tools
PATH: /home/zengwei/android-ndk-r9c
PATH: /usr/lib/lightdm/lightdm
PATH: /usr/local/sbin
PATH: /usr/local/bin
PATH: /usr/sbin
PATH: /usr/bin
PATH: /sbin
PATH: /bin
PATH: /usr/games
PATH: /opt/FriendlyARM/toolschain/4.4.3/bin
PATH: /opt/FriendlyARM/toolschain/4.4.3/arm-none-linux-gnueabi/bin


## ----------- ##
## Core tests. ##
## ----------- ##

configure:2213: checking for a BSD-compatible install
configure:2281: result: /usr/bin/install -c
configure:2292: checking whether build environment is sane
configure:2347: result: yes
configure:2498: checking for a thread-safe mkdir -p
configure:2537: result: /bin/mkdir -p
configure:2544: checking for gawk
configure:2560: found /usr/bin/gawk
configure:2571: result: gawk
configure:2582: checking whether make sets $(MAKE)
configure:2604: result: yes
configure:2633: checking whether make supports nested variables
configure:2650: result: yes
configure:2780: checking whether to enable maintainer-specific portions of Makefiles
configure:2789: result: no
configure:2851: checking for gcc
configure:2867: found /usr/bin/gcc
configure:2878: result: gcc
configure:3107: checking for C compiler version
configure:3116: gcc --version >&5
gcc (Ubuntu/Linaro 4.6.3-1ubuntu5) 4.6.3
Copyright (C) 2011 Free Software Foundation, Inc.
This is free software; see the source for copying conditions.  There is NO
warranty; not even for MERCHANTABILITY or FITNESS FOR A PARTICULAR PURPOSE.

configure:3127: $? = 0
configure:3116: gcc -v >&5
Using built-in specs.
COLLECT_GCC=gcc
COLLECT_LTO_WRAPPER=/usr/lib/gcc/x86_64-linux-gnu/4.6/lto-wrapper
Target: x86_64-linux-gnu
Configured with: ../src/configure -v --with-pkgversion='Ubuntu/Linaro 4.6.3-1ubuntu5' --with-bugurl=file:///usr/share/doc/gcc-4.6/README.Bugs --enable-languages=c,c++,fortran,objc,obj-c++ --prefix=/usr --program-suffix=-4.6 --enable-shared --enable-linker-build-id --with-system-zlib --libexecdir=/usr/lib --without-included-gettext --enable-threads=posix --with-gxx-include-dir=/usr/include/c++/4.6 --libdir=/usr/lib --enable-nls --with-sysroot=/ --enable-clocale=gnu --enable-libstdcxx-debug --enable-libstdcxx-time=yes --enable-gnu-unique-object --enable-plugin --enable-objc-gc --disable-werror --with-arch-32=i686 --with-tune=generic --enable-checking=release --build=x86_64-linux-gnu --host=x86_64-linux-gnu --target=x86_64-linux-gnu
Thread model: posix
gcc version 4.6.3 (Ubuntu/Linaro 4.6.3-1ubuntu5) 
configure:3127: $? = 0
configure:3116: gcc -V >&5
gcc: error: unrecognized option '-V'
gcc: fatal error: no input files
compilation terminated.
configure:3127: $? = 4
configure:3116: gcc -qversion >&5
gcc: error: unrecognized option '-qversion'
gcc: fatal error: no input files
compilation terminated.
configure:3127: $? = 4
configure:3147: checking whether the C compiler works
configure:3169: gcc    conftest.c  >&5
configure:3173: $? = 0
configure:3221: result: yes
configure:3224: checking for C compiler default output file name
configure:3226: result: a.out
configure:3232: checking for suffix of executables
configure:3239: gcc -o conftest    conftest.c  >&5
configure:3243: $? = 0
configure:3265: result: 
configure:3287: checking whether we are cross compiling
configure:3295: gcc -o conftest    conftest.c  >&5
configure:3299: $? = 0
configure:3306: ./conftest
configure:3310: $? = 0
configure:3325: result: no
configure:3330: checking for suffix of object files
configure:3352: gcc -c   conftest.c >&5
configure:3356: $? = 0
configure:3377: result: o
configure:3381: checking whether we are using the GNU C compiler
configure:3400: gcc -c   conftest.c >&5
configure:3400: $? = 0
configure:3409: result: yes
configure:3418: checking whether gcc accepts -g
configure:3438: gcc -c -g  conftest.c >&5
configure:3438: $? = 0
configure:3479: result: yes
configure:3496: checking for gcc option to accept ISO C89
configure:3559: gcc  -c -g -O2  conftest.c >&5
configure:3559: $? = 0
configure:3572: result: none needed
configure:3597: checking whether gcc understands -c and -o together
configure:3619: gcc -c conftest.c -o conftest2.o
configure:3622: $? = 0
configure:3619: gcc -c conftest.c -o conftest2.o
configure:3622: $? = 0
configure:3634: result: yes
configure:3662: checking for style of include used by make
configure:3690: result: GNU
configure:3716: checking dependency style of gcc
configure:3827: result: gcc3
configure:3848: checking how to run the C preprocessor
configure:3879: gcc -E  conftest.c
configure:3879: $? = 0
configure:3893: gcc -E  conftest.c
conftest.c:11:28: fatal error: ac_nonexistent.h: No such file or directory
compilation terminated.
configure:3893: $? = 1
configure: failed program was:
| /* confdefs.h */
| #define PACKAGE_NAME "ethtool"
| #define PACKAGE_TARNAME "ethtool"
| #define PACKAGE_VERSION "4.2"
| #define PACKAGE_STRING "ethtool 4.2"
| #define PACKAGE_BUGREPORT "netdev@vger.kernel.org"
| #define PACKAGE_URL ""
| #define PACKAGE "ethtool"
| #define VERSION "4.2"
| /* end confdefs.h.  */
| #include <ac_nonexistent.h>
configure:3918: result: gcc -E
configure:3938: gcc -E  conftest.c
configure:3938: $? = 0
configure:3952: gcc -E  conftest.c
conftest.c:11:28: fatal error: ac_nonexistent.h: No such file or directory
compilation terminated.
configure:3952: $? = 1
configure: failed program was:
| /* confdefs.h */
| #define PACKAGE_NAME "ethtool"
| #define PACKAGE_TARNAME "ethtool"
| #define PACKAGE_VERSION "4.2"
| #define PACKAGE_STRING "ethtool 4.2"
| #define PACKAGE_BUGREPORT "netdev@vger.kernel.org"
| #define PACKAGE_URL ""
| #define PACKAGE "ethtool"
| #define VERSION "4.2"
| /* end confdefs.h.  */
| #include <ac_nonexistent.h>
configure:3981: checking for grep that handles long lines and -e
configure:4039: result: /bin/grep
configure:4044: checking for egrep
configure:4106: result: /bin/grep -E
configure:4112: checking whether gcc needs -traditional
configure:4146: result: no
configure:4156: checking for ANSI C header files
configure:4176: gcc -c -g -O2  conftest.c >&5
configure:4176: $? = 0
configure:4249: gcc -o conftest -g -O2   conftest.c  >&5
configure:4249: $? = 0
configure:4249: ./conftest
configure:4249: $? = 0
configure:4260: result: yes
configure:4273: checking for sys/types.h
configure:4273: gcc -c -g -O2  conftest.c >&5
configure:4273: $? = 0
configure:4273: result: yes
configure:4273: checking for sys/stat.h
configure:4273: gcc -c -g -O2  conftest.c >&5
configure:4273: $? = 0
configure:4273: result: yes
configure:4273: checking for stdlib.h
configure:4273: gcc -c -g -O2  conftest.c >&5
configure:4273: $? = 0
configure:4273: result: yes
configure:4273: checking for string.h
configure:4273: gcc -c -g -O2  conftest.c >&5
configure:4273: $? = 0
configure:4273: result: yes
configure:4273: checking for memory.h
configure:4273: gcc -c -g -O2  conftest.c >&5
configure:4273: $? = 0
configure:4273: result: yes
configure:4273: checking for strings.h
configure:4273: gcc -c -g -O2  conftest.c >&5
configure:4273: $? = 0
configure:4273: result: yes
configure:4273: checking for inttypes.h
configure:4273: gcc -c -g -O2  conftest.c >&5
configure:4273: $? = 0
configure:4273: result: yes
configure:4273: checking for stdint.h
configure:4273: gcc -c -g -O2  conftest.c >&5
configure:4273: $? = 0
configure:4273: result: yes
configure:4273: checking for unistd.h
configure:4273: gcc -c -g -O2  conftest.c >&5
configure:4273: $? = 0
configure:4273: result: yes
configure:4287: checking sys/ioctl.h usability
configure:4287: gcc -c -g -O2  conftest.c >&5
configure:4287: $? = 0
configure:4287: result: yes
configure:4287: checking sys/ioctl.h presence
configure:4287: gcc -E  conftest.c
configure:4287: $? = 0
configure:4287: result: yes
configure:4287: checking for sys/ioctl.h
configure:4287: result: yes
configure:4298: checking whether <linux/types.h> defines big-endian types
configure:4311: gcc -c -g -O2  conftest.c >&5
configure:4311: $? = 0
configure:4312: result: yes
configure:4323: checking for ANSI C header files
configure:4427: result: yes
configure:4438: checking for socket
configure:4438: gcc -o conftest -g -O2   conftest.c  >&5
configure:4438: $? = 0
configure:4438: result: yes
configure:4438: checking for strtol
configure:4438: gcc -o conftest -g -O2   conftest.c  >&5
configure:4438: $? = 0
configure:4438: result: yes
configure:4580: checking that generated files are newer than configure
configure:4586: result: done
configure:4617: creating ./config.status

## ---------------------- ##
## Running config.status. ##
## ---------------------- ##

This file was extended by ethtool config.status 4.2, which was
generated by GNU Autoconf 2.69.  Invocation command line was

  CONFIG_FILES    = 
  CONFIG_HEADERS  = 
  CONFIG_LINKS    = 
  CONFIG_COMMANDS = 
  $ ./config.status 

on zengwei-Lenovo

config.status:866: creating Makefile
config.status:866: creating ethtool.spec
config.status:866: creating ethtool.8
config.status:866: creating ethtool-config.h
config.status:1095: executing depfiles commands

## ---------------- ##
## Cache variables. ##
## ---------------- ##

ac_cv_c_compiler_gnu=yes
ac_cv_env_CC_set=
ac_cv_env_CC_value=
ac_cv_env_CFLAGS_set=
ac_cv_env_CFLAGS_value=
ac_cv_env_CPPFLAGS_set=
ac_cv_env_CPPFLAGS_value=
ac_cv_env_CPP_set=
ac_cv_env_CPP_value=
ac_cv_env_LDFLAGS_set=
ac_cv_env_LDFLAGS_value=
ac_cv_env_LIBS_set=
ac_cv_env_LIBS_value=
ac_cv_env_build_alias_set=
ac_cv_env_build_alias_value=
ac_cv_env_host_alias_set=
ac_cv_env_host_alias_value=
ac_cv_env_target_alias_set=
ac_cv_env_target_alias_value=
ac_cv_func_socket=yes
ac_cv_func_strtol=yes
ac_cv_header_inttypes_h=yes
ac_cv_header_memory_h=yes
ac_cv_header_stdc=yes
ac_cv_header_stdint_h=yes
ac_cv_header_stdlib_h=yes
ac_cv_header_string_h=yes
ac_cv_header_strings_h=yes
ac_cv_header_sys_ioctl_h=yes
ac_cv_header_sys_stat_h=yes
ac_cv_header_sys_types_h=yes
ac_cv_header_unistd_h=yes
ac_cv_objext=o
ac_cv_path_EGREP='/bin/grep -E'
ac_cv_path_GREP=/bin/grep
ac_cv_path_install='/usr/bin/install -c'
ac_cv_path_mkdir=/bin/mkdir
ac_cv_prog_AWK=gawk
ac_cv_prog_CPP='gcc -E'
ac_cv_prog_ac_ct_CC=gcc
ac_cv_prog_cc_c89=
ac_cv_prog_cc_g=yes
ac_cv_prog_gcc_traditional=no
ac_cv_prog_make_make_set=yes
am_cv_CC_dependencies_compiler_type=gcc3
am_cv_make_support_nested_variables=yes
am_cv_prog_cc_c_o=yes

## ----------------- ##
## Output variables. ##
## ----------------- ##

ACLOCAL='${SHELL} /home/zengwei/Documents/tool/ethtool-4.2/missing aclocal-1.15'
AMDEPBACKSLASH='\'
AMDEP_FALSE='#'
AMDEP_TRUE=''
AMTAR='$${TAR-tar}'
AM_BACKSLASH='\'
AM_DEFAULT_V='$(AM_DEFAULT_VERBOSITY)'
AM_DEFAULT_VERBOSITY='1'
AM_V='$(V)'
AUTOCONF='${SHELL} /home/zengwei/Documents/tool/ethtool-4.2/missing autoconf'
AUTOHEADER='${SHELL} /home/zengwei/Documents/tool/ethtool-4.2/missing autoheader'
AUTOMAKE='${SHELL} /home/zengwei/Documents/tool/ethtool-4.2/missing automake-1.15'
AWK='gawk'
CC='gcc'
CCDEPMODE='depmode=gcc3'
CFLAGS='-g -O2'
CPP='gcc -E'
CPPFLAGS=''
CYGPATH_W='echo'
DEFS='-DHAVE_CONFIG_H'
DEPDIR='.deps'
ECHO_C=''
ECHO_N='-n'
ECHO_T=''
EGREP='/bin/grep -E'
ETHTOOL_ENABLE_PRETTY_DUMP_FALSE='#'
ETHTOOL_ENABLE_PRETTY_DUMP_TRUE=''
EXEEXT=''
GREP='/bin/grep'
INSTALL_DATA='${INSTALL} -m 644'
INSTALL_PROGRAM='${INSTALL}'
INSTALL_SCRIPT='${INSTALL}'
INSTALL_STRIP_PROGRAM='$(install_sh) -c -s'
LDFLAGS=''
LIBOBJS=''
LIBS=''
LTLIBOBJS=''
MAINT='#'
MAINTAINER_MODE_FALSE=''
MAINTAINER_MODE_TRUE='#'
MAKEINFO='${SHELL} /home/zengwei/Documents/tool/ethtool-4.2/missing makeinfo'
MKDIR_P='/bin/mkdir -p'
OBJEXT='o'
PACKAGE='ethtool'
PACKAGE_BUGREPORT='netdev@vger.kernel.org'
PACKAGE_NAME='ethtool'
PACKAGE_STRING='ethtool 4.2'
PACKAGE_TARNAME='ethtool'
PACKAGE_URL=''
PACKAGE_VERSION='4.2'
PATH_SEPARATOR=':'
SET_MAKE=''
SHELL='/bin/sh'
STRIP=''
VERSION='4.2'
ac_ct_CC='gcc'
am__EXEEXT_FALSE=''
am__EXEEXT_TRUE='#'
am__fastdepCC_FALSE='#'
am__fastdepCC_TRUE=''
am__include='include'
am__isrc=''
am__leading_dot='.'
am__nodep='_no'
am__quote=''
am__tar='$${TAR-tar} chof - "$$tardir"'
am__untar='$${TAR-tar} xf -'
bindir='${exec_prefix}/bin'
build_alias=''
datadir='${datarootdir}'
datarootdir='${prefix}/share'
docdir='${datarootdir}/doc/${PACKAGE_TARNAME}'
dvidir='${docdir}'
exec_prefix='${prefix}'
host_alias=''
htmldir='${docdir}'
includedir='${prefix}/include'
infodir='${datarootdir}/info'
install_sh='${SHELL} /home/zengwei/Documents/tool/ethtool-4.2/install-sh'
libdir='${exec_prefix}/lib'
libexecdir='${exec_prefix}/libexec'
localedir='${datarootdir}/locale'
localstatedir='${prefix}/var'
mandir='${datarootdir}/man'
mkdir_p='$(MKDIR_P)'
oldincludedir='/usr/include'
pdfdir='${docdir}'
prefix='/usr/local'
program_transform_name='s,x,x,'
psdir='${docdir}'
runstatedir='${localstatedir}/run'
sbindir='${exec_prefix}/sbin'
sharedstatedir='${prefix}/com'
sysconfdir='${prefix}/etc'
target_alias=''

## ----------- ##
## confdefs.h. ##
## ----------- ##

/* confdefs.h */
#define PACKAGE_NAME "ethtool"
#define PACKAGE_TARNAME "ethtool"
#define PACKAGE_VERSION "4.2"
#define PACKAGE_STRING "ethtool 4.2"
#define PACKAGE_BUGREPORT "netdev@vger.kernel.org"
#define PACKAGE_URL ""
#define PACKAGE "ethtool"
#define VERSION "4.2"
#define STDC_HEADERS 1
#define HAVE_SYS_TYPES_H 1
#define HAVE_SYS_STAT_H 1
#define HAVE_STDLIB_H 1
#define HAVE_STRING_H 1
#define HAVE_MEMORY_H 1
#define HAVE_STRINGS_H 1
#define HAVE_INTTYPES_H 1
#define HAVE_STDINT_H 1
#define HAVE_UNISTD_H 1
#define HAVE_SYS_IOCTL_H 1
#define HAVE_BE_TYPES 1
#define STDC_HEADERS 1
#define HAVE_SOCKET 1
#define HAVE_STRTOL 1
#define ETHTOOL_ENABLE_PRETTY_DUMP 1

configure: exit 0
