This file contains any messages produced by compilers while
running configure, to aid debugging if configure makes a mistake.

It was created by configure, which was
generated by GNU Autoconf 2.63.  Invocation command line was

  $ ./configure --host=mipsel-linux

## --------- ##
## Platform. ##
## --------- ##

hostname = ubuntu
uname -m = x86_64
uname -r = 3.11.0-15-generic
uname -s = Linux
uname -v = #25~precise1-Ubuntu SMP Thu Jan 30 17:39:31 UTC 2014

/usr/bin/uname -p = unknown
/bin/uname -X     = unknown

/bin/arch              = unknown
/usr/bin/arch -k       = unknown
/usr/convex/getsysinfo = unknown
/usr/bin/hostinfo      = unknown
/bin/machine           = unknown
/usr/bin/oslevel       = unknown
/bin/universe          = unknown

PATH: /opt/gcc-4.3-ls232/bin
PATH: /home/michael/work/trunk/scripts/../source/pmon-1bsoc/tools/bin
PATH: /usr/lib/lightdm/lightdm
PATH: /usr/local/sbin
PATH: /usr/local/bin
PATH: /usr/sbin
PATH: /usr/bin
PATH: /sbin
PATH: /bin
PATH: /usr/games


## ----------- ##
## Core tests. ##
## ----------- ##

configure:1858: checking for a BSD-compatible install
configure:1926: result: /usr/bin/install -c
configure:1937: checking whether build environment is sane
configure:1980: result: yes
configure:2005: checking for a thread-safe mkdir -p
configure:2044: result: /bin/mkdir -p
configure:2057: checking for gawk
configure:2087: result: no
configure:2057: checking for mawk
configure:2073: found /usr/bin/mawk
configure:2084: result: mawk
configure:2095: checking whether make sets $(MAKE)
configure:2117: result: yes
configure:2197: checking for mipsel-linux-strip
configure:2224: result: strip
configure:2310: checking for mipsel-linux-gcc
configure:2326: found /opt/gcc-4.3-ls232/bin/mipsel-linux-gcc
configure:2337: result: mipsel-linux-gcc
configure:2609: checking for C compiler version
configure:2617: mipsel-linux-gcc --version >&5
mipsel-linux-gcc (GCC) 4.3.0
Copyright (C) 2008 Free Software Foundation, Inc.
This is free software; see the source for copying conditions.  There is NO
warranty; not even for MERCHANTABILITY or FITNESS FOR A PARTICULAR PURPOSE.

configure:2621: $? = 0
configure:2628: mipsel-linux-gcc -v >&5
Using built-in specs.
Target: mipsel-linux
Configured with: ../gcc-4.3.0/configure --prefix=/opt/gcc-4.3-ls232/ --host=i486-pc-linux-gnu --build=i486-pc-linux-gnu --target=mipsel-linux --host=i486-pc-linux-gnu --with-sysroot=/opt/gcc-4.3-ls232//sysroot --with-abi=32 --disable-nls --enable-shared --disable-multilib --enable-__cxa_atexit --enable-c99 --enable-long-long --enable-threads=posix --enable-languages=c,c++,fortran --enable-poison-system-directories
Thread model: posix
gcc version 4.3.0 (GCC) 
configure:2632: $? = 0
configure:2639: mipsel-linux-gcc -V >&5
mipsel-linux-gcc: '-V' option must have argument
configure:2643: $? = 1
configure:2666: checking for C compiler default output file name
configure:2688: mipsel-linux-gcc    conftest.c  >&5
configure:2692: $? = 0
configure:2730: result: a.out
configure:2749: checking whether the C compiler works
configure:2759: ./a.out
./configure: line 2761: ./a.out: cannot execute binary file
configure:2763: $? = 126
configure:2782: result: yes
configure:2789: checking whether we are cross compiling
configure:2791: result: yes
configure:2794: checking for suffix of executables
configure:2801: mipsel-linux-gcc -o conftest    conftest.c  >&5
configure:2805: $? = 0
configure:2831: result: 
configure:2837: checking for suffix of object files
configure:2863: mipsel-linux-gcc -c   conftest.c >&5
configure:2867: $? = 0
configure:2892: result: o
configure:2896: checking whether we are using the GNU C compiler
configure:2925: mipsel-linux-gcc -c   conftest.c >&5
configure:2932: $? = 0
configure:2949: result: yes
configure:2958: checking whether mipsel-linux-gcc accepts -g
configure:2988: mipsel-linux-gcc -c -g  conftest.c >&5
configure:2995: $? = 0
configure:3096: result: yes
configure:3113: checking for mipsel-linux-gcc option to accept ISO C89
configure:3187: mipsel-linux-gcc  -c -g -O2  conftest.c >&5
configure:3194: $? = 0
configure:3217: result: none needed
configure:3246: checking for style of include used by make
configure:3274: result: GNU
configure:3299: checking dependency style of mipsel-linux-gcc
configure:3390: result: gcc3
configure:3413: checking how to run the C preprocessor
configure:3453: mipsel-linux-gcc -E  conftest.c
configure:3460: $? = 0
configure:3491: mipsel-linux-gcc -E  conftest.c
conftest.c:10:28: error: ac_nonexistent.h: No such file or directory
configure:3498: $? = 1
configure: failed program was:
| /* confdefs.h.  */
| #define PACKAGE_NAME ""
| #define PACKAGE_TARNAME ""
| #define PACKAGE_VERSION ""
| #define PACKAGE_STRING ""
| #define PACKAGE_BUGREPORT ""
| #define PACKAGE "stress"
| #define VERSION "1.0.4"
| /* end confdefs.h.  */
| #include <ac_nonexistent.h>
configure:3531: result: mipsel-linux-gcc -E
configure:3560: mipsel-linux-gcc -E  conftest.c
configure:3567: $? = 0
configure:3598: mipsel-linux-gcc -E  conftest.c
conftest.c:10:28: error: ac_nonexistent.h: No such file or directory
configure:3605: $? = 1
configure: failed program was:
| /* confdefs.h.  */
| #define PACKAGE_NAME ""
| #define PACKAGE_TARNAME ""
| #define PACKAGE_VERSION ""
| #define PACKAGE_STRING ""
| #define PACKAGE_BUGREPORT ""
| #define PACKAGE "stress"
| #define VERSION "1.0.4"
| /* end confdefs.h.  */
| #include <ac_nonexistent.h>
configure:3645: checking for grep that handles long lines and -e
configure:3705: result: /bin/grep
configure:3710: checking for egrep
configure:3774: result: /bin/grep -E
configure:3779: checking for ANSI C header files
configure:3809: mipsel-linux-gcc -c -g -O2  conftest.c >&5
configure:3816: $? = 0
configure:3947: result: yes
configure:3971: checking for sys/types.h
configure:3992: mipsel-linux-gcc -c -g -O2  conftest.c >&5
configure:3999: $? = 0
configure:4016: result: yes
configure:3971: checking for sys/stat.h
configure:3992: mipsel-linux-gcc -c -g -O2  conftest.c >&5
configure:3999: $? = 0
configure:4016: result: yes
configure:3971: checking for stdlib.h
configure:3992: mipsel-linux-gcc -c -g -O2  conftest.c >&5
configure:3999: $? = 0
configure:4016: result: yes
configure:3971: checking for string.h
configure:3992: mipsel-linux-gcc -c -g -O2  conftest.c >&5
configure:3999: $? = 0
configure:4016: result: yes
configure:3971: checking for memory.h
configure:3992: mipsel-linux-gcc -c -g -O2  conftest.c >&5
configure:3999: $? = 0
configure:4016: result: yes
configure:3971: checking for strings.h
configure:3992: mipsel-linux-gcc -c -g -O2  conftest.c >&5
configure:3999: $? = 0
configure:4016: result: yes
configure:3971: checking for inttypes.h
configure:3992: mipsel-linux-gcc -c -g -O2  conftest.c >&5
configure:3999: $? = 0
configure:4016: result: yes
configure:3971: checking for stdint.h
configure:3992: mipsel-linux-gcc -c -g -O2  conftest.c >&5
configure:3999: $? = 0
configure:4016: result: yes
configure:3971: checking for unistd.h
configure:3992: mipsel-linux-gcc -c -g -O2  conftest.c >&5
configure:3999: $? = 0
configure:4016: result: yes
configure:4035: checking for unistd.h
configure:4042: result: yes
configure:4179: checking for sqrt in -lm
configure:4214: mipsel-linux-gcc -o conftest -g -O2   conftest.c -lm   >&5
conftest.c:28: warning: conflicting types for built-in function 'sqrt'
configure:4221: $? = 0
configure:4242: result: yes
configure:4254: checking for basename in -lgen
configure:4289: mipsel-linux-gcc -o conftest -g -O2   conftest.c -lgen  -lm  >&5
/opt/gcc-4.3-ls232/bin/../lib/gcc/mipsel-linux/4.3.0/../../../../mipsel-linux/bin/ld: cannot find -lgen
collect2: ld returned 1 exit status
configure:4296: $? = 1
configure: failed program was:
| /* confdefs.h.  */
| #define PACKAGE_NAME ""
| #define PACKAGE_TARNAME ""
| #define PACKAGE_VERSION ""
| #define PACKAGE_STRING ""
| #define PACKAGE_BUGREPORT ""
| #define PACKAGE "stress"
| #define VERSION "1.0.4"
| #define STDC_HEADERS 1
| #define HAVE_SYS_TYPES_H 1
| #define HAVE_SYS_STAT_H 1
| #define HAVE_STDLIB_H 1
| #define HAVE_STRING_H 1
| #define HAVE_MEMORY_H 1
| #define HAVE_STRINGS_H 1
| #define HAVE_INTTYPES_H 1
| #define HAVE_STDINT_H 1
| #define HAVE_UNISTD_H 1
| #define HAVE_UNISTD_H 1
| #define HAVE_LIBM 1
| /* end confdefs.h.  */
| 
| /* Override any GCC internal prototype to avoid an error.
|    Use char because int might match the return type of a GCC
|    builtin and then its argument prototype would still apply.  */
| #ifdef __cplusplus
| extern "C"
| #endif
| char basename ();
| int
| main ()
| {
| return basename ();
|   ;
|   return 0;
| }
configure:4317: result: no
configure:4499: creating ./config.status

## ---------------------- ##
## Running config.status. ##
## ---------------------- ##

This file was extended by config.status, which was
generated by GNU Autoconf 2.63.  Invocation command line was

  CONFIG_FILES    = 
  CONFIG_HEADERS  = 
  CONFIG_LINKS    = 
  CONFIG_COMMANDS = 
  $ ./config.status 

on ubuntu

config.status:694: creating Makefile
config.status:694: creating src/Makefile
config.status:694: creating doc/Makefile
config.status:694: creating test/Makefile
config.status:905: executing depfiles commands

## ---------------- ##
## Cache variables. ##
## ---------------- ##

ac_cv_c_compiler_gnu=yes
ac_cv_env_CC_set=
ac_cv_env_CC_value=
ac_cv_env_CFLAGS_set=
ac_cv_env_CFLAGS_value=
ac_cv_env_CPPFLAGS_set=
ac_cv_env_CPPFLAGS_value=
ac_cv_env_CPP_set=
ac_cv_env_CPP_value=
ac_cv_env_LDFLAGS_set=
ac_cv_env_LDFLAGS_value=
ac_cv_env_LIBS_set=
ac_cv_env_LIBS_value=
ac_cv_env_build_alias_set=
ac_cv_env_build_alias_value=
ac_cv_env_host_alias_set=set
ac_cv_env_host_alias_value=mipsel-linux
ac_cv_env_target_alias_set=
ac_cv_env_target_alias_value=
ac_cv_header_inttypes_h=yes
ac_cv_header_memory_h=yes
ac_cv_header_stdc=yes
ac_cv_header_stdint_h=yes
ac_cv_header_stdlib_h=yes
ac_cv_header_string_h=yes
ac_cv_header_strings_h=yes
ac_cv_header_sys_stat_h=yes
ac_cv_header_sys_types_h=yes
ac_cv_header_unistd_h=yes
ac_cv_lib_gen_basename=no
ac_cv_lib_m_sqrt=yes
ac_cv_objext=o
ac_cv_path_EGREP='/bin/grep -E'
ac_cv_path_GREP=/bin/grep
ac_cv_path_install='/usr/bin/install -c'
ac_cv_path_mkdir=/bin/mkdir
ac_cv_prog_AWK=mawk
ac_cv_prog_CC=mipsel-linux-gcc
ac_cv_prog_CPP='mipsel-linux-gcc -E'
ac_cv_prog_STRIP=strip
ac_cv_prog_cc_c89=
ac_cv_prog_cc_g=yes
ac_cv_prog_make_make_set=yes
am_cv_CC_dependencies_compiler_type=gcc3

## ----------------- ##
## Output variables. ##
## ----------------- ##

ACLOCAL='${SHELL} /home/michael/work/trunk/source/test/stress-1.0.4/missing --run aclocal-1.10'
AMDEPBACKSLASH='\'
AMDEP_FALSE='#'
AMDEP_TRUE=''
AMTAR='${SHELL} /home/michael/work/trunk/source/test/stress-1.0.4/missing --run tar'
AUTOCONF='${SHELL} /home/michael/work/trunk/source/test/stress-1.0.4/missing --run autoconf'
AUTOHEADER='${SHELL} /home/michael/work/trunk/source/test/stress-1.0.4/missing --run autoheader'
AUTOMAKE='${SHELL} /home/michael/work/trunk/source/test/stress-1.0.4/missing --run automake-1.10'
AWK='mawk'
CC='mipsel-linux-gcc'
CCDEPMODE='depmode=gcc3'
CFLAGS='-g -O2'
CPP='mipsel-linux-gcc -E'
CPPFLAGS=''
CYGPATH_W='echo'
DEFS='-DPACKAGE_NAME=\"\" -DPACKAGE_TARNAME=\"\" -DPACKAGE_VERSION=\"\" -DPACKAGE_STRING=\"\" -DPACKAGE_BUGREPORT=\"\" -DPACKAGE=\"stress\" -DVERSION=\"1.0.4\" -DSTDC_HEADERS=1 -DHAVE_SYS_TYPES_H=1 -DHAVE_SYS_STAT_H=1 -DHAVE_STDLIB_H=1 -DHAVE_STRING_H=1 -DHAVE_MEMORY_H=1 -DHAVE_STRINGS_H=1 -DHAVE_INTTYPES_H=1 -DHAVE_STDINT_H=1 -DHAVE_UNISTD_H=1 -DHAVE_UNISTD_H=1 -DHAVE_LIBM=1'
DEPDIR='.deps'
ECHO_C=''
ECHO_N='-n'
ECHO_T=''
EGREP='/bin/grep -E'
EXEEXT=''
GREP='/bin/grep'
INSTALL_DATA='${INSTALL} -m 644'
INSTALL_PROGRAM='${INSTALL}'
INSTALL_SCRIPT='${INSTALL}'
INSTALL_STRIP_PROGRAM='$(install_sh) -c -s'
LDFLAGS=''
LIBOBJS=''
LIBS='-lm '
LTLIBOBJS=''
MAKEINFO='${SHELL} /home/michael/work/trunk/source/test/stress-1.0.4/missing --run makeinfo'
MKDIR_P='/bin/mkdir -p'
OBJEXT='o'
PACKAGE='stress'
PACKAGE_BUGREPORT=''
PACKAGE_NAME=''
PACKAGE_STRING=''
PACKAGE_TARNAME=''
PACKAGE_VERSION=''
PATH_SEPARATOR=':'
SET_MAKE=''
SHELL='/bin/bash'
STRIP='strip'
VERSION='1.0.4'
ac_ct_CC=''
am__fastdepCC_FALSE='#'
am__fastdepCC_TRUE=''
am__include='include'
am__isrc=''
am__leading_dot='.'
am__quote=''
am__tar='${AMTAR} chof - "$$tardir"'
am__untar='${AMTAR} xf -'
bindir='${exec_prefix}/bin'
build_alias=''
datadir='${datarootdir}'
datarootdir='${prefix}/share'
docdir='${datarootdir}/doc/${PACKAGE}'
dvidir='${docdir}'
exec_prefix='${prefix}'
host_alias='mipsel-linux'
htmldir='${docdir}'
includedir='${prefix}/include'
infodir='${datarootdir}/info'
install_sh='$(SHELL) /home/michael/work/trunk/source/test/stress-1.0.4/install-sh'
libdir='${exec_prefix}/lib'
libexecdir='${exec_prefix}/libexec'
localedir='${datarootdir}/locale'
localstatedir='${prefix}/var'
mandir='${datarootdir}/man'
mkdir_p='/bin/mkdir -p'
oldincludedir='/usr/include'
pdfdir='${docdir}'
prefix='/usr/local'
program_transform_name='s,x,x,'
psdir='${docdir}'
sbindir='${exec_prefix}/sbin'
sharedstatedir='${prefix}/com'
sysconfdir='${prefix}/etc'
target_alias=''

## ----------- ##
## confdefs.h. ##
## ----------- ##

#define PACKAGE_NAME ""
#define PACKAGE_TARNAME ""
#define PACKAGE_VERSION ""
#define PACKAGE_STRING ""
#define PACKAGE_BUGREPORT ""
#define PACKAGE "stress"
#define VERSION "1.0.4"
#define STDC_HEADERS 1
#define HAVE_SYS_TYPES_H 1
#define HAVE_SYS_STAT_H 1
#define HAVE_STDLIB_H 1
#define HAVE_STRING_H 1
#define HAVE_MEMORY_H 1
#define HAVE_STRINGS_H 1
#define HAVE_INTTYPES_H 1
#define HAVE_STDINT_H 1
#define HAVE_UNISTD_H 1
#define HAVE_UNISTD_H 1
#define HAVE_LIBM 1

configure: exit 0
