This file contains any messages produced by compilers while
running configure, to aid debugging if configure makes a mistake.

configure:566: checking for a BSD compatible install
configure:619: checking whether build environment is sane
configure:676: checking whether make sets ${MAKE}
configure:722: checking for working aclocal
configure:735: checking for working autoconf
configure:748: checking for working automake
configure:761: checking for working autoheader
configure:774: checking for working makeinfo
configure:923: checking for gcc
configure:1000: checking whether the C compiler (arm-linux-gnueabihf-gcc  ) works
configure:1014: arm-linux-gnueabihf-gcc -o conftest    conftest.c  1>&5
configure:1034: checking whether the C compiler (arm-linux-gnueabihf-gcc  ) is a cross-compiler
configure:1039: checking whether we are using GNU C
configure:1048: arm-linux-gnueabihf-gcc -E conftest.c
configure:1063: checking whether arm-linux-gnueabihf-gcc accepts -g
configure:1091: checking how to run the C preprocessor
configure:1112: arm-linux-gnueabihf-gcc -E  conftest.c >/dev/null 2>conftest.out
configure:1153: checking whether arm-linux-gnueabihf-gcc needs -traditional
configure:1201: checking for ranlib
configure:1228: checking for POSIXized ISC
configure:1249: checking for AIX
configure:1274: checking for minix/config.h
configure:1284: arm-linux-gnueabihf-gcc -E  conftest.c >/dev/null 2>conftest.out
configure:1280:26: fatal error: minix/config.h: No such file or directory
compilation terminated.
configure: failed program was:
#line 1279 "configure"
#include "confdefs.h"
#include <minix/config.h>
configure:1325: checking for arm-linux-gnueabihf-gcc option to accept ANSI C
configure:1378: arm-linux-gnueabihf-gcc  -c -g -O2  conftest.c 1>&5
configure:1404: checking for function prototypes
configure:1563: checking for working const
configure:1617: arm-linux-gnueabihf-gcc -c -g -O2  conftest.c 1>&5
configure:1638: checking for inline
configure:1652: arm-linux-gnueabihf-gcc -c -g -O2  conftest.c 1>&5
configure:1703: checking for syslog in -lsocket
configure:1722: arm-linux-gnueabihf-gcc -o conftest -g -O2   conftest.c -lsocket   1>&5
/home/michael/work/gsrd/gcc-linaro-arm-linux-gnueabihf-4.7-2012.11_linux/bin/../lib/gcc/arm-linux-gnueabihf/4.7.3/../../../../arm-linux-gnueabihf/bin/ld: cannot find -lsocket
collect2: error: ld returned 1 exit status
configure: failed program was:
#line 1711 "configure"
#include "confdefs.h"
/* Override any gcc2 internal prototype to avoid an error.  */
/* We use char because int might match the return type of a gcc2
    builtin and then its argument prototype would still apply.  */
char syslog();

int main() {
syslog()
; return 0; }
configure:1750: checking for syslog in -lbe
configure:1769: arm-linux-gnueabihf-gcc -o conftest -g -O2   conftest.c -lbe   1>&5
/home/michael/work/gsrd/gcc-linaro-arm-linux-gnueabihf-4.7-2012.11_linux/bin/../lib/gcc/arm-linux-gnueabihf/4.7.3/../../../../arm-linux-gnueabihf/bin/ld: cannot find -lbe
collect2: error: ld returned 1 exit status
configure: failed program was:
#line 1758 "configure"
#include "confdefs.h"
/* Override any gcc2 internal prototype to avoid an error.  */
/* We use char because int might match the return type of a gcc2
    builtin and then its argument prototype would still apply.  */
char syslog();

int main() {
syslog()
; return 0; }
configure:1797: checking for gethostbyname in -lnsl
configure:1816: arm-linux-gnueabihf-gcc -o conftest -g -O2   conftest.c -lnsl   1>&5
configure:1845: checking for ANSI C header files
configure:1858: arm-linux-gnueabihf-gcc -E  conftest.c >/dev/null 2>conftest.out
configure:1952: checking for fcntl.h
configure:1962: arm-linux-gnueabihf-gcc -E  conftest.c >/dev/null 2>conftest.out
configure:1952: checking for limits.h
configure:1962: arm-linux-gnueabihf-gcc -E  conftest.c >/dev/null 2>conftest.out
configure:1952: checking for sys/ioctl.h
configure:1962: arm-linux-gnueabihf-gcc -E  conftest.c >/dev/null 2>conftest.out
configure:1952: checking for sys/time.h
configure:1962: arm-linux-gnueabihf-gcc -E  conftest.c >/dev/null 2>conftest.out
configure:1952: checking for unistd.h
configure:1962: arm-linux-gnueabihf-gcc -E  conftest.c >/dev/null 2>conftest.out
configure:1952: checking for sys/times.h
configure:1962: arm-linux-gnueabihf-gcc -E  conftest.c >/dev/null 2>conftest.out
configure:1993: checking for termios.h
configure:2003: arm-linux-gnueabihf-gcc -E  conftest.c >/dev/null 2>conftest.out
configure:1993: checking for sys/termios.h
configure:2003: arm-linux-gnueabihf-gcc -E  conftest.c >/dev/null 2>conftest.out
configure:1993: checking for termio.h
configure:2003: arm-linux-gnueabihf-gcc -E  conftest.c >/dev/null 2>conftest.out
configure:1993: checking for sys/termio.h
configure:2003: arm-linux-gnueabihf-gcc -E  conftest.c >/dev/null 2>conftest.out
configure:1999:24: fatal error: sys/termio.h: No such file or directory
compilation terminated.
configure: failed program was:
#line 1998 "configure"
#include "confdefs.h"
#include <sys/termio.h>
configure:1993: checking for sgtty.h
configure:2003: arm-linux-gnueabihf-gcc -E  conftest.c >/dev/null 2>conftest.out
configure:2033: checking for termios.h
configure:2033: checking for sys/termios.h
configure:2033: checking for termio.h
configure:2033: checking for sys/termio.h
configure:2033: checking for sgtty.h
configure:2073: checking for sys/mman.h
configure:2083: arm-linux-gnueabihf-gcc -E  conftest.c >/dev/null 2>conftest.out
configure:2073: checking for utime.h
configure:2083: arm-linux-gnueabihf-gcc -E  conftest.c >/dev/null 2>conftest.out
configure:2073: checking for syslog.h
configure:2083: arm-linux-gnueabihf-gcc -E  conftest.c >/dev/null 2>conftest.out
configure:2073: checking for sys/syslog.h
configure:2083: arm-linux-gnueabihf-gcc -E  conftest.c >/dev/null 2>conftest.out
configure:2073: checking for sys/param.h
configure:2083: arm-linux-gnueabihf-gcc -E  conftest.c >/dev/null 2>conftest.out
configure:2113: checking for sys/select.h
configure:2123: arm-linux-gnueabihf-gcc -E  conftest.c >/dev/null 2>conftest.out
configure:2113: checking for strings.h
configure:2123: arm-linux-gnueabihf-gcc -E  conftest.c >/dev/null 2>conftest.out
configure:2113: checking for arpa/inet.h
configure:2123: arm-linux-gnueabihf-gcc -E  conftest.c >/dev/null 2>conftest.out
configure:2151: checking for size_t
configure:2184: checking for mode_t
configure:2217: checking for off_t
configure:2251: checking for speed_t
configure:2306: checking for st_rdev in struct stat
configure:2319: arm-linux-gnueabihf-gcc -c -g -O2  conftest.c 1>&5
configure:2340: checking whether time.h and sys/time.h may both be included
configure:2354: arm-linux-gnueabihf-gcc -c -g -O2  conftest.c 1>&5
configure:2375: checking whether sys/time.h and sys/select.h may both be included
configure:2389: arm-linux-gnueabihf-gcc -c -g -O2  conftest.c 1>&5
configure:2410: checking whether struct tm is in sys/time.h or time.h
configure:2423: arm-linux-gnueabihf-gcc -c -g -O2  conftest.c 1>&5
configure:2445: checking for errno declaration
configure:2457: arm-linux-gnueabihf-gcc -c -g -O2  conftest.c 1>&5
configure:2527: checking return type of signal handlers
configure:2549: arm-linux-gnueabihf-gcc -c -g -O2  conftest.c 1>&5
configure:2571: checking for unistd.h
configure:2610: checking for getpagesize
configure:2638: arm-linux-gnueabihf-gcc -o conftest -g -O2   conftest.c -lnsl  1>&5
configure:2663: checking for working mmap
configure:2836: checking for working alloca.h
configure:2848: arm-linux-gnueabihf-gcc -o conftest -g -O2   conftest.c -lnsl  1>&5
configure:2869: checking for alloca
configure:2897: arm-linux-gnueabihf-gcc -o conftest -g -O2   conftest.c -lnsl  1>&5
configure:3081: checking for gettimeofday
configure:3109: arm-linux-gnueabihf-gcc -o conftest -g -O2   conftest.c -lnsl  1>&5
configure:3081: checking for settimeofday
configure:3109: arm-linux-gnueabihf-gcc -o conftest -g -O2   conftest.c -lnsl  1>&5
configure:3136: checking for strchr
configure:3164: arm-linux-gnueabihf-gcc -o conftest -g -O2   conftest.c -lnsl  1>&5
configure:3148:6: warning: conflicting types for built-in function 'strchr' [enabled by default]
configure:3136: checking for memcpy
configure:3164: arm-linux-gnueabihf-gcc -o conftest -g -O2   conftest.c -lnsl  1>&5
configure:3148:6: warning: conflicting types for built-in function 'memcpy' [enabled by default]
configure:3136: checking for select
configure:3164: arm-linux-gnueabihf-gcc -o conftest -g -O2   conftest.c -lnsl  1>&5
configure:3136: checking for vprintf
configure:3164: arm-linux-gnueabihf-gcc -o conftest -g -O2   conftest.c -lnsl  1>&5
configure:3148:6: warning: conflicting types for built-in function 'vprintf' [enabled by default]
configure:3191: checking for times
configure:3219: arm-linux-gnueabihf-gcc -o conftest -g -O2   conftest.c -lnsl  1>&5
configure:3191: checking for rdchk
configure:3219: arm-linux-gnueabihf-gcc -o conftest -g -O2   conftest.c -lnsl  1>&5
/tmp/ccKXK8Wf.o: In function `main':
/home/michael/work/tools/lrzsz-0.12.20/configure:3213: undefined reference to `rdchk'
collect2: error: ld returned 1 exit status
configure: failed program was:
#line 3196 "configure"
#include "confdefs.h"
/* System header to define __stub macros and hopefully few prototypes,
    which can conflict with char rdchk(); below.  */
#include <assert.h>
/* Override any gcc2 internal prototype to avoid an error.  */
/* We use char because int might match the return type of a gcc2
    builtin and then its argument prototype would still apply.  */
char rdchk();

int main() {

/* The GNU C library defines this for functions which it implements
    to always fail with ENOSYS.  Some functions are actually named
    something starting with __ and the normal name is an alias.  */
#if defined (__stub_rdchk) || defined (__stub___rdchk)
choke me
#else
rdchk();
#endif

; return 0; }
configure:3191: checking for utime
configure:3219: arm-linux-gnueabihf-gcc -o conftest -g -O2   conftest.c -lnsl  1>&5
configure:3191: checking for syslog
configure:3219: arm-linux-gnueabihf-gcc -o conftest -g -O2   conftest.c -lnsl  1>&5
configure:3191: checking for siginterrupt
configure:3219: arm-linux-gnueabihf-gcc -o conftest -g -O2   conftest.c -lnsl  1>&5
configure:3246: checking for mkdir
configure:3274: arm-linux-gnueabihf-gcc -o conftest -g -O2   conftest.c -lnsl  1>&5
configure:3246: checking for mktime
configure:3274: arm-linux-gnueabihf-gcc -o conftest -g -O2   conftest.c -lnsl  1>&5
configure:3246: checking for strerror
configure:3274: arm-linux-gnueabihf-gcc -o conftest -g -O2   conftest.c -lnsl  1>&5
configure:3246: checking for strstr
configure:3274: arm-linux-gnueabihf-gcc -o conftest -g -O2   conftest.c -lnsl  1>&5
configure:3258:6: warning: conflicting types for built-in function 'strstr' [enabled by default]
configure:3246: checking for strdup
configure:3274: arm-linux-gnueabihf-gcc -o conftest -g -O2   conftest.c -lnsl  1>&5
configure:3258:6: warning: conflicting types for built-in function 'strdup' [enabled by default]
configure:3246: checking for strtoul
configure:3274: arm-linux-gnueabihf-gcc -o conftest -g -O2   conftest.c -lnsl  1>&5
configure:3246: checking for strtol
configure:3274: arm-linux-gnueabihf-gcc -o conftest -g -O2   conftest.c -lnsl  1>&5
configure:3246: checking for strpbrk
configure:3274: arm-linux-gnueabihf-gcc -o conftest -g -O2   conftest.c -lnsl  1>&5
configure:3258:6: warning: conflicting types for built-in function 'strpbrk' [enabled by default]
configure:3303: checking for stpcpy
configure:3331: arm-linux-gnueabihf-gcc -o conftest -g -O2   conftest.c -lnsl  1>&5
configure:3315:6: warning: conflicting types for built-in function 'stpcpy' [enabled by default]
configure:3303: checking for strftime
configure:3331: arm-linux-gnueabihf-gcc -o conftest -g -O2   conftest.c -lnsl  1>&5
configure:3315:6: warning: conflicting types for built-in function 'strftime' [enabled by default]
configure:3303: checking for vasprintf
configure:3331: arm-linux-gnueabihf-gcc -o conftest -g -O2   conftest.c -lnsl  1>&5
configure:3359: checking for getopt_long
configure:3387: arm-linux-gnueabihf-gcc -o conftest -g -O2   conftest.c -lnsl  1>&5
configure:3417: checking for ftime
configure:3445: arm-linux-gnueabihf-gcc -o conftest -g -O2   conftest.c -lnsl  1>&5
configure:3460: checking that ftime works correctly
configure:3531: checking for timezone variable
configure:3544: arm-linux-gnueabihf-gcc -o conftest -g -O2   conftest.c -lnsl  1>&5
configure:3570: checking for LOG_UUCP
configure:3628: checking for argz.h
configure:3638: arm-linux-gnueabihf-gcc -E  conftest.c >/dev/null 2>conftest.out
configure:3628: checking for limits.h
configure:3628: checking for locale.h
configure:3638: arm-linux-gnueabihf-gcc -E  conftest.c >/dev/null 2>conftest.out
configure:3628: checking for nl_types.h
configure:3638: arm-linux-gnueabihf-gcc -E  conftest.c >/dev/null 2>conftest.out
configure:3628: checking for malloc.h
configure:3638: arm-linux-gnueabihf-gcc -E  conftest.c >/dev/null 2>conftest.out
configure:3628: checking for string.h
configure:3638: arm-linux-gnueabihf-gcc -E  conftest.c >/dev/null 2>conftest.out
configure:3628: checking for unistd.h
configure:3628: checking for values.h
configure:3638: arm-linux-gnueabihf-gcc -E  conftest.c >/dev/null 2>conftest.out
configure:3628: checking for sys/param.h
configure:3668: checking for getcwd
configure:3696: arm-linux-gnueabihf-gcc -o conftest -g -O2   conftest.c -lnsl  1>&5
configure:3668: checking for munmap
configure:3696: arm-linux-gnueabihf-gcc -o conftest -g -O2   conftest.c -lnsl  1>&5
configure:3668: checking for putenv
configure:3696: arm-linux-gnueabihf-gcc -o conftest -g -O2   conftest.c -lnsl  1>&5
configure:3668: checking for setenv
configure:3696: arm-linux-gnueabihf-gcc -o conftest -g -O2   conftest.c -lnsl  1>&5
configure:3668: checking for setlocale
configure:3696: arm-linux-gnueabihf-gcc -o conftest -g -O2   conftest.c -lnsl  1>&5
configure:3668: checking for strchr
configure:3668: checking for strcasecmp
configure:3696: arm-linux-gnueabihf-gcc -o conftest -g -O2   conftest.c -lnsl  1>&5
configure:3680:6: warning: conflicting types for built-in function 'strcasecmp' [enabled by default]
configure:3668: checking for __argz_count
configure:3696: arm-linux-gnueabihf-gcc -o conftest -g -O2   conftest.c -lnsl  1>&5
configure:3668: checking for __argz_stringify
configure:3696: arm-linux-gnueabihf-gcc -o conftest -g -O2   conftest.c -lnsl  1>&5
configure:3668: checking for __argz_next
configure:3696: arm-linux-gnueabihf-gcc -o conftest -g -O2   conftest.c -lnsl  1>&5
configure:3787: checking for LC_MESSAGES
configure:3799: arm-linux-gnueabihf-gcc -o conftest -g -O2   conftest.c -lnsl  1>&5
configure:3820: checking whether NLS is requested
configure:3840: checking whether included gettext is requested
configure:3859: checking for libintl.h
configure:3869: arm-linux-gnueabihf-gcc -E  conftest.c >/dev/null 2>conftest.out
configure:3886: checking for gettext in libc
configure:3898: arm-linux-gnueabihf-gcc -o conftest -g -O2   conftest.c -lnsl  1>&5
configure:3989: checking for msgfmt
configure:4173: checking whether catgets can be used
configure:4437: checking for msgfmt
configure:4471: checking for gmsgfmt
configure:4503: checking for xgettext
configure:4593: checking for catalogs to be installed
